

====================================
Log started, 27/08/2011 04:08:53
====================================

Dyn loading request received, but server side was not configured to process dyn. loading. 

Source:districts
Fieldset: ID,name
Where:     ;name LIKE s%;
Start:
Count:

Relation:

SELECT  ID,name FROM districts WHERE  province='1'  AND name LIKE 's%'

Done in 0.15045094490051s



====================================
Log started, 27/08/2011 04:08:56
====================================

Dyn loading request received, but server side was not configured to process dyn. loading. 

Source:districts
Fieldset: ID,name
Where:     ;name LIKE j%;
Start:
Count:

Relation:

SELECT  ID,name FROM districts WHERE  province='1'  AND name LIKE 'j%'

Done in 0.024244070053101s



====================================
Log started, 27/08/2011 04:08:57
====================================

Dyn loading request received, but server side was not configured to process dyn. loading. 

Source:districts
Fieldset: ID,name
Where:     ;name LIKE f%;
Start:
Count:

Relation:

SELECT  ID,name FROM districts WHERE  province='1'  AND name LIKE 'f%'

Done in 0.014086961746216s



====================================
Log started, 27/08/2011 04:08:57
====================================

Dyn loading request received, but server side was not configured to process dyn. loading. 

Source:districts
Fieldset: ID,name
Where:     ;name LIKE ff%;
Start:
Count:

Relation:

SELECT  ID,name FROM districts WHERE  province='1'  AND name LIKE 'ff%'

Done in 0.010264158248901s



====================================
Log started, 27/08/2011 04:08:57
====================================

Dyn loading request received, but server side was not configured to process dyn. loading. 

Source:districts
Fieldset: ID,name
Where:     ;name LIKE fff%;
Start:
Count:

Relation:

SELECT  ID,name FROM districts WHERE  province='1'  AND name LIKE 'fff%'

Done in 0.010198831558228s



====================================
Log started, 27/08/2011 04:08:58
====================================

Dyn loading request received, but server side was not configured to process dyn. loading. 

Source:districts
Fieldset: ID,name
Where:     ;name LIKE ffff%;
Start:
Count:

Relation:

SELECT  ID,name FROM districts WHERE  province='1'  AND name LIKE 'ffff%'

Done in 0.013674020767212s



====================================
Log started, 27/08/2011 04:08:59
====================================

Dyn loading request received, but server side was not configured to process dyn. loading. 

Source:facilitys
Fieldset: ID,name
Where:     ;name LIKE s%;
Start:
Count:

Relation:

SELECT  ID,name FROM facilitys WHERE  district BETWEEN 5 AND 9  AND name LIKE 's%'

Done in 0.010690927505493s



====================================
Log started, 27/08/2011 04:08:16
====================================

Dyn loading request received, but server side was not configured to process dyn. loading. 

Source:districts
Fieldset: ID,name
Where:     ;name LIKE a%;
Start:
Count:

Relation:

SELECT  ID,name FROM districts WHERE  province='1'  AND name LIKE 'a%'

Done in 0.012013912200928s



====================================
Log started, 27/08/2011 04:08:55
====================================

Dyn loading request received, but server side was not configured to process dyn. loading. 

Source:districts
Fieldset: ID,name
Where:     ;name LIKE f%;
Start:
Count:

Relation:

SELECT  ID,name FROM districts WHERE  province='6'  AND name LIKE 'f%'

Done in 0.010108947753906s



====================================
Log started, 27/08/2011 04:08:55
====================================

Dyn loading request received, but server side was not configured to process dyn. loading. 

Source:districts
Fieldset: ID,name
Where:     ;name LIKE ff%;
Start:
Count:

Relation:

SELECT  ID,name FROM districts WHERE  province='6'  AND name LIKE 'ff%'

Done in 0.039619922637939s



====================================
Log started, 27/08/2011 04:08:25
====================================

Dyn loading request received, but server side was not configured to process dyn. loading. 

Source:districts
Fieldset: ID,name
Where:     ;name LIKE g%;
Start:
Count:

Relation:

SELECT  ID,name FROM districts WHERE  province='1'  AND name LIKE 'g%'

Done in 0.0090370178222656s



====================================
Log started, 27/08/2011 04:08:56
====================================

Dyn loading request received, but server side was not configured to process dyn. loading. 

Source:districts
Fieldset: ID,name
Where:     ;name LIKE h%;
Start:
Count:

Relation:

SELECT  ID,name FROM districts WHERE  province='1'  AND name LIKE 'h%'

Done in 0.013514041900635s



====================================
Log started, 27/08/2011 04:08:57
====================================

Dyn loading request received, but server side was not configured to process dyn. loading. 

Source:districts
Fieldset: ID,name
Where:     ;name LIKE Ha%;
Start:
Count:

Relation:

SELECT  ID,name FROM districts WHERE  province='1'  AND name LIKE 'Ha%'

Done in 0.023806810379028s



====================================
Log started, 27/08/2011 04:08:59
====================================

Dyn loading request received, but server side was not configured to process dyn. loading. 

Source:districts
Fieldset: ID,name
Where:     ;name LIKE H%;
Start:
Count:

Relation:

SELECT  ID,name FROM districts WHERE  province='1'  AND name LIKE 'H%'

Done in 0.022935152053833s



====================================
Log started, 27/08/2011 04:08:29
====================================

Dyn loading request received, but server side was not configured to process dyn. loading. 

Source:facilitys
Fieldset: ID,name
Where:     ;name LIKE a%;
Start:
Count:

Relation:

SELECT  ID,name FROM facilitys WHERE  district BETWEEN 5 AND 9  AND name LIKE 'a%'

Done in 0.026243925094604s



====================================
Log started, 27/08/2011 04:08:30
====================================

Dyn loading request received, but server side was not configured to process dyn. loading. 

Source:facilitys
Fieldset: ID,name
Where:     ;name LIKE Av%;
Start:
Count:

Relation:

SELECT  ID,name FROM facilitys WHERE  district BETWEEN 5 AND 9  AND name LIKE 'Av%'

Done in 0.016642093658447s



====================================
Log started, 27/08/2011 04:08:20
====================================

Dyn loading request received, but server side was not configured to process dyn. loading. 

Source:facilitys
Fieldset: ID,name
Where:     ;name LIKE a%;
Start:
Count:

Relation:

SELECT  ID,name FROM facilitys WHERE  district BETWEEN 5 AND 9  AND name LIKE 'a%'

Done in 0.011019945144653s



====================================
Log started, 27/08/2011 04:08:20
====================================

Dyn loading request received, but server side was not configured to process dyn. loading. 

Source:facilitys
Fieldset: ID,name
Where:     ;name LIKE Av%;
Start:
Count:

Relation:

SELECT  ID,name FROM facilitys WHERE  district BETWEEN 5 AND 9  AND name LIKE 'Av%'

Done in 0.012951135635376s



====================================
Log started, 27/08/2011 04:08:21
====================================

Dyn loading request received, but server side was not configured to process dyn. loading. 

Source:facilitys
Fieldset: ID,name
Where:     ;name LIKE AVo%;
Start:
Count:

Relation:

SELECT  ID,name FROM facilitys WHERE  district BETWEEN 5 AND 9  AND name LIKE 'AVo%'

Done in 0.011377096176147s



====================================
Log started, 27/08/2011 04:08:59
====================================

Dyn loading request received, but server side was not configured to process dyn. loading. 

Source:facilitys
Fieldset: ID,name
Where:     ;name LIKE a%;
Start:
Count:

Relation:

SELECT  ID,name FROM facilitys WHERE  district BETWEEN 5 AND 9  AND name LIKE 'a%'

Done in 0.023880958557129s



====================================
Log started, 27/08/2011 04:08:20
====================================

Dyn loading request received, but server side was not configured to process dyn. loading. 

Source:districts
Fieldset: ID,name
Where:     ;name LIKE h%;
Start:
Count:

Relation:

SELECT  ID,name FROM districts WHERE  province='1'  AND name LIKE 'h%'

Done in 0.011372804641724s



====================================
Log started, 27/08/2011 04:08:21
====================================

Dyn loading request received, but server side was not configured to process dyn. loading. 

Source:districts
Fieldset: ID,name
Where:     ;name LIKE Ha%;
Start:
Count:

Relation:

SELECT  ID,name FROM districts WHERE  province='1'  AND name LIKE 'Ha%'

Done in 0.010560989379883s



====================================
Log started, 27/08/2011 04:08:48
====================================

Dyn loading request received, but server side was not configured to process dyn. loading. 

Source:districts
Fieldset: ID,name
Where:     ;name LIKE h%;
Start:
Count:

Relation:

SELECT  ID,name FROM districts WHERE  province='1'  AND name LIKE 'h%'

Done in 0.011303901672363s



====================================
Log started, 27/08/2011 04:08:08
====================================

Dyn loading request received, but server side was not configured to process dyn. loading. 

Source:districts
Fieldset: ID,name
Where:     ;name LIKE h%;
Start:
Count:

Relation:

SELECT  ID,name FROM districts WHERE  province='1'  AND name LIKE 'h%'

Done in 0.017000913619995s



====================================
Log started, 27/08/2011 04:08:47
====================================

Dyn loading request received, but server side was not configured to process dyn. loading. 

Source:facilitys
Fieldset: ID,name
Where:     ;name LIKE a%;
Start:
Count:

Relation:

SELECT  ID,name FROM facilitys WHERE  district BETWEEN 5 AND 9  AND name LIKE 'a%'

Done in 0.052261114120483s



====================================
Log started, 31/08/2011 08:08:32
====================================

Dyn loading request received, but server side was not configured to process dyn. loading. 

Source:facilitys
Fieldset: ID,name
Where:     ;name LIKE a%;
Start:
Count:

Relation:

SELECT  ID,name FROM facilitys WHERE  district BETWEEN 5 AND 9  AND name LIKE 'a%'

Done in 0.029044151306152s



====================================
Log started, 31/08/2011 08:08:03
====================================

Dyn loading request received, but server side was not configured to process dyn. loading. 

Source:districts
Fieldset: ID,name
Where:     ;name LIKE d%;
Start:
Count:

Relation:

SELECT  ID,name FROM districts WHERE  province='1'  AND name LIKE 'd%'

Done in 0.013911962509155s



====================================
Log started, 31/08/2011 08:08:05
====================================

Dyn loading request received, but server side was not configured to process dyn. loading. 

Source:districts
Fieldset: ID,name
Where:     ;name LIKE h%;
Start:
Count:

Relation:

SELECT  ID,name FROM districts WHERE  province='1'  AND name LIKE 'h%'

Done in 0.012861013412476s



====================================
Log started, 31/08/2011 08:08:26
====================================

Dyn loading request received, but server side was not configured to process dyn. loading. 

Source:districts
Fieldset: ID,name
Where:     ;name LIKE h%;
Start:
Count:

Relation:

SELECT  ID,name FROM districts WHERE  province='6'  AND name LIKE 'h%'

Done in 0.012686967849731s



====================================
Log started, 31/08/2011 09:08:29
====================================

Dyn loading request received, but server side was not configured to process dyn. loading. 

Source:districts
Fieldset: ID,name
Where:     ;name LIKE d%;
Start:
Count:

Relation:

SELECT  ID,name FROM districts WHERE  province='3'  AND name LIKE 'd%'

Done in 0.057087898254395s



====================================
Log started, 31/08/2011 09:08:31
====================================

Dyn loading request received, but server side was not configured to process dyn. loading. 

Source:districts
Fieldset: ID,name
Where:     ;name LIKE e%;
Start:
Count:

Relation:

SELECT  ID,name FROM districts WHERE  province='3'  AND name LIKE 'e%'

Done in 0.013154029846191s



====================================
Log started, 31/08/2011 09:08:32
====================================

Dyn loading request received, but server side was not configured to process dyn. loading. 

Source:districts
Fieldset: ID,name
Where:     ;name LIKE t%;
Start:
Count:

Relation:

SELECT  ID,name FROM districts WHERE  province='3'  AND name LIKE 't%'

Done in 0.014319896697998s



====================================
Log started, 31/08/2011 09:08:33
====================================

Dyn loading request received, but server side was not configured to process dyn. loading. 

Source:districts
Fieldset: ID,name
Where:     ;name LIKE h%;
Start:
Count:

Relation:

SELECT  ID,name FROM districts WHERE  province='3'  AND name LIKE 'h%'

Done in 0.015468835830688s



====================================
Log started, 31/08/2011 09:08:34
====================================

Dyn loading request received, but server side was not configured to process dyn. loading. 

Source:districts
Fieldset: ID,name
Where:     ;name LIKE v%;
Start:
Count:

Relation:

SELECT  ID,name FROM districts WHERE  province='3'  AND name LIKE 'v%'

Done in 0.013337850570679s



====================================
Log started, 31/08/2011 09:08:35
====================================

Dyn loading request received, but server side was not configured to process dyn. loading. 

Source:districts
Fieldset: ID,name
Where:     ;name LIKE a%;
Start:
Count:

Relation:

SELECT  ID,name FROM districts WHERE  province='3'  AND name LIKE 'a%'

Done in 0.012982130050659s



====================================
Log started, 31/08/2011 09:08:36
====================================

Dyn loading request received, but server side was not configured to process dyn. loading. 

Source:districts
Fieldset: ID,name
Where:     ;name LIKE s%;
Start:
Count:

Relation:

SELECT  ID,name FROM districts WHERE  province='3'  AND name LIKE 's%'

Done in 0.012416839599609s



====================================
Log started, 31/08/2011 09:08:47
====================================

Dyn loading request received, but server side was not configured to process dyn. loading. 

Source:districts
Fieldset: ID,name
Where:     ;name LIKE g%;
Start:
Count:

Relation:

SELECT  ID,name FROM districts WHERE  province='3'  AND name LIKE 'g%'

Done in 0.013463020324707s



====================================
Log started, 31/08/2011 09:08:51
====================================

Dyn loading request received, but server side was not configured to process dyn. loading. 

Source:districts
Fieldset: ID,name
Where:     ;name LIKE b%;
Start:
Count:

Relation:

SELECT  ID,name FROM districts WHERE  province='3'  AND name LIKE 'b%'

Done in 0.013531923294067s



====================================
Log started, 31/08/2011 09:08:55
====================================

Dyn loading request received, but server side was not configured to process dyn. loading. 

Source:facilitys
Fieldset: ID,name
Where:     ;name LIKE h%;
Start:
Count:

Relation:

SELECT  ID,name FROM facilitys WHERE  district BETWEEN 17 AND 24  AND name LIKE 'h%'

Done in 0.014477014541626s



====================================
Log started, 31/08/2011 09:08:24
====================================

Dyn loading request received, but server side was not configured to process dyn. loading. 

Source:facilitys
Fieldset: ID,name
Where:     ;name LIKE s%;
Start:
Count:

Relation:

SELECT  ID,name FROM facilitys WHERE   flag=1 AND name LIKE 's%'

Done in 0.040637969970703s



====================================
Log started, 31/08/2011 10:08:05
====================================

Dyn loading request received, but server side was not configured to process dyn. loading. 

Source:facilitys
Fieldset: ID,name
Where:     ;name LIKE a%;
Start:
Count:

Relation:

SELECT  ID,name FROM facilitys WHERE   flag=1 AND name LIKE 'a%'

Done in 0.040302991867065s



====================================
Log started, 13/10/2011 03:10:59
====================================

Dyn loading request received, but server side was not configured to process dyn. loading. 

Source:facilitys
Fieldset: ID,name
Where:     ;name LIKE h%;
Start:
Count:

Relation:

SELECT  ID,name FROM facilitys WHERE   flag=1 AND name LIKE 'h%'

Done in 0.015521049499512s



====================================
Log started, 28/10/2011 11:10:59
====================================

Dyn loading request received, but server side was not configured to process dyn. loading. 

Source:districts
Fieldset: ID,name
Where:     ;name LIKE h%;
Start:
Count:

Relation:

SELECT  ID,name FROM districts WHERE  province='9'  AND name LIKE 'h%'

Done in 0.017044067382812s



====================================
Log started, 28/10/2011 11:10:59
====================================

Dyn loading request received, but server side was not configured to process dyn. loading. 

Source:districts
Fieldset: ID,name
Where:     ;name LIKE ha%;
Start:
Count:

Relation:

SELECT  ID,name FROM districts WHERE  province='9'  AND name LIKE 'ha%'

Done in 0.0024788379669189s



====================================
Log started, 28/10/2011 11:10:00
====================================

Dyn loading request received, but server side was not configured to process dyn. loading. 

Source:districts
Fieldset: ID,name
Where:     ;name LIKE har%;
Start:
Count:

Relation:

SELECT  ID,name FROM districts WHERE  province='9'  AND name LIKE 'har%'

Done in 0.0026431083679199s



====================================
Log started, 28/10/2011 11:10:00
====================================

Dyn loading request received, but server side was not configured to process dyn. loading. 

Source:districts
Fieldset: ID,name
Where:     ;name LIKE hara%;
Start:
Count:

Relation:

SELECT  ID,name FROM districts WHERE  province='9'  AND name LIKE 'hara%'

Done in 0.0025629997253418s



====================================
Log started, 28/10/2011 11:10:00
====================================

Dyn loading request received, but server side was not configured to process dyn. loading. 

Source:districts
Fieldset: ID,name
Where:     ;name LIKE harae%;
Start:
Count:

Relation:

SELECT  ID,name FROM districts WHERE  province='9'  AND name LIKE 'harae%'

Done in 0.0023081302642822s



====================================
Log started, 28/10/2011 11:10:02
====================================

Dyn loading request received, but server side was not configured to process dyn. loading. 

Source:districts
Fieldset: ID,name
Where:     ;name LIKE harar%;
Start:
Count:

Relation:

SELECT  ID,name FROM districts WHERE  province='9'  AND name LIKE 'harar%'

Done in 0.0023062229156494s



====================================
Log started, 28/10/2011 11:10:02
====================================

Dyn loading request received, but server side was not configured to process dyn. loading. 

Source:districts
Fieldset: ID,name
Where:     ;name LIKE harare%;
Start:
Count:

Relation:

SELECT  ID,name FROM districts WHERE  province='9'  AND name LIKE 'harare%'

Done in 0.0026180744171143s



====================================
Log started, 15/11/2011 03:11:07
====================================

Dyn loading request received, but server side was not configured to process dyn. loading. 

Source:facilitys
Fieldset: ID,name
Where:     ;name LIKE h%;
Start:
Count:

Relation:

SELECT  ID,name FROM facilitys WHERE   flag=1 AND name LIKE 'h%'

Done in 0.0078170299530029s



====================================
Log started, 15/11/2011 03:11:07
====================================

Dyn loading request received, but server side was not configured to process dyn. loading. 

Source:facilitys
Fieldset: ID,name
Where:     ;name LIKE Ha%;
Start:
Count:

Relation:

SELECT  ID,name FROM facilitys WHERE   flag=1 AND name LIKE 'Ha%'

Done in 0.0037500858306885s



====================================
Log started, 15/11/2011 03:11:07
====================================

Dyn loading request received, but server side was not configured to process dyn. loading. 

Source:facilitys
Fieldset: ID,name
Where:     ;name LIKE HAr%;
Start:
Count:

Relation:

SELECT  ID,name FROM facilitys WHERE   flag=1 AND name LIKE 'HAr%'

Done in 0.00343918800354s



====================================
Log started, 15/11/2011 03:11:07
====================================

Dyn loading request received, but server side was not configured to process dyn. loading. 

Source:facilitys
Fieldset: ID,name
Where:     ;name LIKE HARa%;
Start:
Count:

Relation:

SELECT  ID,name FROM facilitys WHERE   flag=1 AND name LIKE 'HARa%'

Done in 0.0036039352416992s



====================================
Log started, 15/11/2011 03:11:08
====================================

Dyn loading request received, but server side was not configured to process dyn. loading. 

Source:facilitys
Fieldset: ID,name
Where:     ;name LIKE HARAr%;
Start:
Count:

Relation:

SELECT  ID,name FROM facilitys WHERE   flag=1 AND name LIKE 'HARAr%'

Done in 0.0036048889160156s



====================================
Log started, 15/11/2011 03:11:08
====================================

Dyn loading request received, but server side was not configured to process dyn. loading. 

Source:facilitys
Fieldset: ID,name
Where:     ;name LIKE HARARe%;
Start:
Count:

Relation:

SELECT  ID,name FROM facilitys WHERE   flag=1 AND name LIKE 'HARARe%'

Done in 0.0032119750976562s



====================================
Log started, 15/11/2011 03:11:29
====================================

Dyn loading request received, but server side was not configured to process dyn. loading. 

Source:facilitys
Fieldset: ID,name
Where:     ;name LIKE HARARE CENTRAL HOSPITAL%;
Start:
Count:

Relation:

SELECT  ID,name FROM facilitys WHERE   flag=1 AND name LIKE 'HARARE CENTRAL HOSPITAL%'

Done in 0.0037879943847656s



====================================
Log started, 15/11/2011 03:11:40
====================================

Dyn loading request received, but server side was not configured to process dyn. loading. 

Source:facilitys
Fieldset: ID,name
Where:     ;name LIKE c%;
Start:
Count:

Relation:

SELECT  ID,name FROM facilitys WHERE   flag=1 AND name LIKE 'c%'

Done in 0.0082569122314453s



====================================
Log started, 15/11/2011 03:11:40
====================================

Dyn loading request received, but server side was not configured to process dyn. loading. 

Source:facilitys
Fieldset: ID,name
Where:     ;name LIKE Ch%;
Start:
Count:

Relation:

SELECT  ID,name FROM facilitys WHERE   flag=1 AND name LIKE 'Ch%'

Done in 0.0077698230743408s



====================================
Log started, 15/11/2011 03:11:40
====================================

Dyn loading request received, but server side was not configured to process dyn. loading. 

Source:facilitys
Fieldset: ID,name
Where:     ;name LIKE CHi%;
Start:
Count:

Relation:

SELECT  ID,name FROM facilitys WHERE   flag=1 AND name LIKE 'CHi%'

Done in 0.0070919990539551s



====================================
Log started, 15/11/2011 03:11:42
====================================

Dyn loading request received, but server side was not configured to process dyn. loading. 

Source:facilitys
Fieldset: ID,name
Where:     ;name LIKE CHIv%;
Start:
Count:

Relation:

SELECT  ID,name FROM facilitys WHERE   flag=1 AND name LIKE 'CHIv%'

Done in 0.0033488273620605s



====================================
Log started, 15/11/2011 03:11:42
====================================

Dyn loading request received, but server side was not configured to process dyn. loading. 

Source:facilitys
Fieldset: ID,name
Where:     ;name LIKE CHIVi%;
Start:
Count:

Relation:

SELECT  ID,name FROM facilitys WHERE   flag=1 AND name LIKE 'CHIVi%'

Done in 0.0033228397369385s



====================================
Log started, 15/11/2011 03:11:48
====================================

Dyn loading request received, but server side was not configured to process dyn. loading. 

Source:facilitys
Fieldset: ID,name
Where:     ;name LIKE CHIVI DISTRICT HOSPITAL%;
Start:
Count:

Relation:

SELECT  ID,name FROM facilitys WHERE   flag=1 AND name LIKE 'CHIVI DISTRICT HOSPITAL%'

Done in 0.0035879611968994s



====================================
Log started, 15/11/2011 03:11:49
====================================

Dyn loading request received, but server side was not configured to process dyn. loading. 

Source:facilitys
Fieldset: ID,name
Where:     ;name LIKE k%;
Start:
Count:

Relation:

SELECT  ID,name FROM facilitys WHERE   flag=1 AND name LIKE 'k%'

Done in 0.005302906036377s



====================================
Log started, 15/11/2011 03:11:50
====================================

Dyn loading request received, but server side was not configured to process dyn. loading. 

Source:facilitys
Fieldset: ID,name
Where:     ;name LIKE Ko%;
Start:
Count:

Relation:

SELECT  ID,name FROM facilitys WHERE   flag=1 AND name LIKE 'Ko%'

Done in 0.0034160614013672s



====================================
Log started, 15/11/2011 03:11:50
====================================

Dyn loading request received, but server side was not configured to process dyn. loading. 

Source:facilitys
Fieldset: ID,name
Where:     ;name LIKE KOt%;
Start:
Count:

Relation:

SELECT  ID,name FROM facilitys WHERE   flag=1 AND name LIKE 'KOt%'

Done in 0.0033988952636719s



====================================
Log started, 17/11/2011 10:11:01
====================================

Dyn loading request received, but server side was not configured to process dyn. loading. 

Source:facilitys
Fieldset: ID,name
Where:     ;name LIKE H%;
Start:
Count:

Relation:

SELECT  ID,name FROM facilitys WHERE  district BETWEEN 5 AND 9  AND name LIKE 'H%'

Done in 0.0098061561584473s



====================================
Log started, 17/11/2011 10:11:01
====================================

Dyn loading request received, but server side was not configured to process dyn. loading. 

Source:facilitys
Fieldset: ID,name
Where:     ;name LIKE HW%;
Start:
Count:

Relation:

SELECT  ID,name FROM facilitys WHERE  district BETWEEN 5 AND 9  AND name LIKE 'HW%'

Done in 0.0033900737762451s



====================================
Log started, 17/11/2011 10:11:01
====================================

Dyn loading request received, but server side was not configured to process dyn. loading. 

Source:facilitys
Fieldset: ID,name
Where:     ;name LIKE HWE%;
Start:
Count:

Relation:

SELECT  ID,name FROM facilitys WHERE  district BETWEEN 5 AND 9  AND name LIKE 'HWE%'

Done in 0.0033318996429443s



====================================
Log started, 17/11/2011 10:11:16
====================================

Dyn loading request received, but server side was not configured to process dyn. loading. 

Source:facilitys
Fieldset: ID,name
Where:     ;name LIKE M%;
Start:
Count:

Relation:

SELECT  ID,name FROM facilitys WHERE  district BETWEEN 5 AND 9  AND name LIKE 'M%'

Done in 0.0039379596710205s



====================================
Log started, 17/11/2011 10:11:16
====================================

Dyn loading request received, but server side was not configured to process dyn. loading. 

Source:facilitys
Fieldset: ID,name
Where:     ;name LIKE MA%;
Start:
Count:

Relation:

SELECT  ID,name FROM facilitys WHERE  district BETWEEN 5 AND 9  AND name LIKE 'MA%'

Done in 0.0033028125762939s



====================================
Log started, 17/11/2011 10:11:18
====================================

Dyn loading request received, but server side was not configured to process dyn. loading. 

Source:facilitys
Fieldset: ID,name
Where:     ;name LIKE MAB%;
Start:
Count:

Relation:

SELECT  ID,name FROM facilitys WHERE  district BETWEEN 5 AND 9  AND name LIKE 'MAB%'

Done in 0.0031919479370117s



====================================
Log started, 17/11/2011 10:11:18
====================================

Dyn loading request received, but server side was not configured to process dyn. loading. 

Source:facilitys
Fieldset: ID,name
Where:     ;name LIKE MABV%;
Start:
Count:

Relation:

SELECT  ID,name FROM facilitys WHERE  district BETWEEN 5 AND 9  AND name LIKE 'MABV%'

Done in 0.0033819675445557s



====================================
Log started, 17/11/2011 10:11:27
====================================

Dyn loading request received, but server side was not configured to process dyn. loading. 

Source:districts
Fieldset: ID,name
Where:     ;name LIKE H%;
Start:
Count:

Relation:

SELECT  ID,name FROM districts WHERE  province='1'  AND name LIKE 'H%'

Done in 0.0029120445251465s



====================================
Log started, 17/11/2011 10:11:27
====================================

Dyn loading request received, but server side was not configured to process dyn. loading. 

Source:districts
Fieldset: ID,name
Where:     ;name LIKE HA%;
Start:
Count:

Relation:

SELECT  ID,name FROM districts WHERE  province='1'  AND name LIKE 'HA%'

Done in 0.0025341510772705s



====================================
Log started, 17/11/2011 10:11:40
====================================

Dyn loading request received, but server side was not configured to process dyn. loading. 

Source:facilitys
Fieldset: ID,name
Where:     ;name LIKE HWATA RHC%;
Start:
Count:

Relation:

SELECT  ID,name FROM facilitys WHERE  district BETWEEN 5 AND 9  AND name LIKE 'HWATA RHC%'

Done in 0.00347900390625s



====================================
Log started, 17/11/2011 10:11:49
====================================

Dyn loading request received, but server side was not configured to process dyn. loading. 

Source:districts
Fieldset: ID,name
Where:     ;name LIKE H%;
Start:
Count:

Relation:

SELECT  ID,name FROM districts WHERE  province='1'  AND name LIKE 'H%'

Done in 0.0030980110168457s



====================================
Log started, 17/11/2011 10:11:49
====================================

Dyn loading request received, but server side was not configured to process dyn. loading. 

Source:districts
Fieldset: ID,name
Where:     ;name LIKE HA%;
Start:
Count:

Relation:

SELECT  ID,name FROM districts WHERE  province='1'  AND name LIKE 'HA%'

Done in 0.0027840137481689s



====================================
Log started, 17/11/2011 10:11:49
====================================

Dyn loading request received, but server side was not configured to process dyn. loading. 

Source:districts
Fieldset: ID,name
Where:     ;name LIKE HAR%;
Start:
Count:

Relation:

SELECT  ID,name FROM districts WHERE  province='1'  AND name LIKE 'HAR%'

Done in 0.0028810501098633s



====================================
Log started, 17/11/2011 10:11:49
====================================

Dyn loading request received, but server side was not configured to process dyn. loading. 

Source:districts
Fieldset: ID,name
Where:     ;name LIKE HARA%;
Start:
Count:

Relation:

SELECT  ID,name FROM districts WHERE  province='1'  AND name LIKE 'HARA%'

Done in 0.0025148391723633s



====================================
Log started, 17/11/2011 10:11:50
====================================

Dyn loading request received, but server side was not configured to process dyn. loading. 

Source:districts
Fieldset: ID,name
Where:     ;name LIKE HARAR%;
Start:
Count:

Relation:

SELECT  ID,name FROM districts WHERE  province='1'  AND name LIKE 'HARAR%'

Done in 0.0028858184814453s



====================================
Log started, 17/11/2011 10:11:50
====================================

Dyn loading request received, but server side was not configured to process dyn. loading. 

Source:districts
Fieldset: ID,name
Where:     ;name LIKE HARARE%;
Start:
Count:

Relation:

SELECT  ID,name FROM districts WHERE  province='1'  AND name LIKE 'HARARE%'

Done in 0.0028791427612305s



====================================
Log started, 17/11/2011 10:11:56
====================================

Dyn loading request received, but server side was not configured to process dyn. loading. 

Source:districts
Fieldset: ID,name
Where:     ;name LIKE M%;
Start:
Count:

Relation:

SELECT  ID,name FROM districts WHERE  province='1'  AND name LIKE 'M%'

Done in 0.0027999877929688s



====================================
Log started, 17/11/2011 10:11:56
====================================

Dyn loading request received, but server side was not configured to process dyn. loading. 

Source:districts
Fieldset: ID,name
Where:     ;name LIKE MA%;
Start:
Count:

Relation:

SELECT  ID,name FROM districts WHERE  province='1'  AND name LIKE 'MA%'

Done in 0.0025849342346191s



====================================
Log started, 17/11/2011 10:11:57
====================================

Dyn loading request received, but server side was not configured to process dyn. loading. 

Source:districts
Fieldset: ID,name
Where:     ;name LIKE MAB%;
Start:
Count:

Relation:

SELECT  ID,name FROM districts WHERE  province='1'  AND name LIKE 'MAB%'

Done in 0.0026290416717529s



====================================
Log started, 17/11/2011 10:11:57
====================================

Dyn loading request received, but server side was not configured to process dyn. loading. 

Source:districts
Fieldset: ID,name
Where:     ;name LIKE MABV%;
Start:
Count:

Relation:

SELECT  ID,name FROM districts WHERE  province='1'  AND name LIKE 'MABV%'

Done in 0.0025689601898193s



====================================
Log started, 17/11/2011 10:11:58
====================================

Dyn loading request received, but server side was not configured to process dyn. loading. 

Source:districts
Fieldset: ID,name
Where:     ;name LIKE MABVU%;
Start:
Count:

Relation:

SELECT  ID,name FROM districts WHERE  province='1'  AND name LIKE 'MABVU%'

Done in 0.0024120807647705s



====================================
Log started, 17/11/2011 10:11:58
====================================

Dyn loading request received, but server side was not configured to process dyn. loading. 

Source:districts
Fieldset: ID,name
Where:     ;name LIKE MABVUK%;
Start:
Count:

Relation:

SELECT  ID,name FROM districts WHERE  province='1'  AND name LIKE 'MABVUK%'

Done in 0.0023479461669922s



====================================
Log started, 17/11/2011 10:11:58
====================================

Dyn loading request received, but server side was not configured to process dyn. loading. 

Source:districts
Fieldset: ID,name
Where:     ;name LIKE MABVUKU%;
Start:
Count:

Relation:

SELECT  ID,name FROM districts WHERE  province='1'  AND name LIKE 'MABVUKU%'

Done in 0.0026500225067139s



====================================
Log started, 17/11/2011 10:11:09
====================================

Dyn loading request received, but server side was not configured to process dyn. loading. 

Source:districts
Fieldset: ID,name
Where:     ;name LIKE B%;
Start:
Count:

Relation:

SELECT  ID,name FROM districts WHERE  province='1'  AND name LIKE 'B%'

Done in 0.0025460720062256s



====================================
Log started, 17/11/2011 10:11:09
====================================

Dyn loading request received, but server side was not configured to process dyn. loading. 

Source:districts
Fieldset: ID,name
Where:     ;name LIKE BU%;
Start:
Count:

Relation:

SELECT  ID,name FROM districts WHERE  province='1'  AND name LIKE 'BU%'

Done in 0.0026819705963135s



====================================
Log started, 17/11/2011 10:11:09
====================================

Dyn loading request received, but server side was not configured to process dyn. loading. 

Source:districts
Fieldset: ID,name
Where:     ;name LIKE BUD%;
Start:
Count:

Relation:

SELECT  ID,name FROM districts WHERE  province='1'  AND name LIKE 'BUD%'

Done in 0.0024809837341309s



====================================
Log started, 17/11/2011 10:11:10
====================================

Dyn loading request received, but server side was not configured to process dyn. loading. 

Source:districts
Fieldset: ID,name
Where:     ;name LIKE BUDI%;
Start:
Count:

Relation:

SELECT  ID,name FROM districts WHERE  province='1'  AND name LIKE 'BUDI%'

Done in 0.0025618076324463s



====================================
Log started, 17/11/2011 10:11:10
====================================

Dyn loading request received, but server side was not configured to process dyn. loading. 

Source:districts
Fieldset: ID,name
Where:     ;name LIKE BUDIR%;
Start:
Count:

Relation:

SELECT  ID,name FROM districts WHERE  province='1'  AND name LIKE 'BUDIR%'

Done in 0.002640962600708s



====================================
Log started, 17/11/2011 10:11:10
====================================

Dyn loading request received, but server side was not configured to process dyn. loading. 

Source:districts
Fieldset: ID,name
Where:     ;name LIKE BUDIRI%;
Start:
Count:

Relation:

SELECT  ID,name FROM districts WHERE  province='1'  AND name LIKE 'BUDIRI%'

Done in 0.0026378631591797s



====================================
Log started, 17/11/2011 10:11:10
====================================

Dyn loading request received, but server side was not configured to process dyn. loading. 

Source:districts
Fieldset: ID,name
Where:     ;name LIKE BUDIRIR%;
Start:
Count:

Relation:

SELECT  ID,name FROM districts WHERE  province='1'  AND name LIKE 'BUDIRIR%'

Done in 0.0023469924926758s



====================================
Log started, 17/11/2011 10:11:11
====================================

Dyn loading request received, but server side was not configured to process dyn. loading. 

Source:districts
Fieldset: ID,name
Where:     ;name LIKE BUDIRIRO%;
Start:
Count:

Relation:

SELECT  ID,name FROM districts WHERE  province='1'  AND name LIKE 'BUDIRIRO%'

Done in 0.0024900436401367s



====================================
Log started, 17/11/2011 10:11:19
====================================

Dyn loading request received, but server side was not configured to process dyn. loading. 

Source:facilitys
Fieldset: ID,name
Where:     ;name LIKE B%;
Start:
Count:

Relation:

SELECT  ID,name FROM facilitys WHERE  district BETWEEN 5 AND 9  AND name LIKE 'B%'

Done in 0.0036089420318604s



====================================
Log started, 17/11/2011 10:11:19
====================================

Dyn loading request received, but server side was not configured to process dyn. loading. 

Source:facilitys
Fieldset: ID,name
Where:     ;name LIKE BU%;
Start:
Count:

Relation:

SELECT  ID,name FROM facilitys WHERE  district BETWEEN 5 AND 9  AND name LIKE 'BU%'

Done in 0.0045661926269531s



====================================
Log started, 17/11/2011 10:11:19
====================================

Dyn loading request received, but server side was not configured to process dyn. loading. 

Source:facilitys
Fieldset: ID,name
Where:     ;name LIKE BUD%;
Start:
Count:

Relation:

SELECT  ID,name FROM facilitys WHERE  district BETWEEN 5 AND 9  AND name LIKE 'BUD%'

Done in 0.0032520294189453s



====================================
Log started, 17/11/2011 10:11:19
====================================

Dyn loading request received, but server side was not configured to process dyn. loading. 

Source:facilitys
Fieldset: ID,name
Where:     ;name LIKE BUDI%;
Start:
Count:

Relation:

SELECT  ID,name FROM facilitys WHERE  district BETWEEN 5 AND 9  AND name LIKE 'BUDI%'

Done in 0.0031890869140625s



====================================
Log started, 17/11/2011 10:11:21
====================================

Dyn loading request received, but server side was not configured to process dyn. loading. 

Source:facilitys
Fieldset: ID,name
Where:     ;name LIKE BUDIR%;
Start:
Count:

Relation:

SELECT  ID,name FROM facilitys WHERE  district BETWEEN 5 AND 9  AND name LIKE 'BUDIR%'

Done in 0.003619909286499s



====================================
Log started, 17/11/2011 10:11:21
====================================

Dyn loading request received, but server side was not configured to process dyn. loading. 

Source:facilitys
Fieldset: ID,name
Where:     ;name LIKE BUDIRI%;
Start:
Count:

Relation:

SELECT  ID,name FROM facilitys WHERE  district BETWEEN 5 AND 9  AND name LIKE 'BUDIRI%'

Done in 0.0036640167236328s



====================================
Log started, 17/11/2011 10:11:21
====================================

Dyn loading request received, but server side was not configured to process dyn. loading. 

Source:facilitys
Fieldset: ID,name
Where:     ;name LIKE BUDIRIR%;
Start:
Count:

Relation:

SELECT  ID,name FROM facilitys WHERE  district BETWEEN 5 AND 9  AND name LIKE 'BUDIRIR%'

Done in 0.0032851696014404s



====================================
Log started, 17/11/2011 10:11:22
====================================

Dyn loading request received, but server side was not configured to process dyn. loading. 

Source:facilitys
Fieldset: ID,name
Where:     ;name LIKE BUDIRIRO%;
Start:
Count:

Relation:

SELECT  ID,name FROM facilitys WHERE  district BETWEEN 5 AND 9  AND name LIKE 'BUDIRIRO%'

Done in 0.0035650730133057s



====================================
Log started, 17/11/2011 10:11:29
====================================

Dyn loading request received, but server side was not configured to process dyn. loading. 

Source:districts
Fieldset: ID,name
Where:     ;name LIKE B%;
Start:
Count:

Relation:

SELECT  ID,name FROM districts WHERE  province='1'  AND name LIKE 'B%'

Done in 0.0028998851776123s



====================================
Log started, 17/11/2011 10:11:29
====================================

Dyn loading request received, but server side was not configured to process dyn. loading. 

Source:districts
Fieldset: ID,name
Where:     ;name LIKE BU%;
Start:
Count:

Relation:

SELECT  ID,name FROM districts WHERE  province='1'  AND name LIKE 'BU%'

Done in 0.0025088787078857s



====================================
Log started, 17/11/2011 10:11:30
====================================

Dyn loading request received, but server side was not configured to process dyn. loading. 

Source:districts
Fieldset: ID,name
Where:     ;name LIKE BUL%;
Start:
Count:

Relation:

SELECT  ID,name FROM districts WHERE  province='1'  AND name LIKE 'BUL%'

Done in 0.0023000240325928s



====================================
Log started, 17/11/2011 10:11:30
====================================

Dyn loading request received, but server side was not configured to process dyn. loading. 

Source:districts
Fieldset: ID,name
Where:     ;name LIKE BULA%;
Start:
Count:

Relation:

SELECT  ID,name FROM districts WHERE  province='1'  AND name LIKE 'BULA%'

Done in 0.0022718906402588s



====================================
Log started, 17/11/2011 10:11:32
====================================

Dyn loading request received, but server side was not configured to process dyn. loading. 

Source:districts
Fieldset: ID,name
Where:     ;name LIKE BULAW%;
Start:
Count:

Relation:

SELECT  ID,name FROM districts WHERE  province='1'  AND name LIKE 'BULAW%'

Done in 0.0027499198913574s



====================================
Log started, 17/11/2011 10:11:32
====================================

Dyn loading request received, but server side was not configured to process dyn. loading. 

Source:districts
Fieldset: ID,name
Where:     ;name LIKE BULAWA%;
Start:
Count:

Relation:

SELECT  ID,name FROM districts WHERE  province='1'  AND name LIKE 'BULAWA%'

Done in 0.0025708675384521s



====================================
Log started, 17/11/2011 10:11:33
====================================

Dyn loading request received, but server side was not configured to process dyn. loading. 

Source:districts
Fieldset: ID,name
Where:     ;name LIKE BULAWAY%;
Start:
Count:

Relation:

SELECT  ID,name FROM districts WHERE  province='1'  AND name LIKE 'BULAWAY%'

Done in 0.0028610229492188s



====================================
Log started, 17/11/2011 10:11:34
====================================

Dyn loading request received, but server side was not configured to process dyn. loading. 

Source:districts
Fieldset: ID,name
Where:     ;name LIKE BULAWAYO%;
Start:
Count:

Relation:

SELECT  ID,name FROM districts WHERE  province='1'  AND name LIKE 'BULAWAYO%'

Done in 0.002371072769165s



====================================
Log started, 17/11/2011 10:11:39
====================================

Dyn loading request received, but server side was not configured to process dyn. loading. 

Source:districts
Fieldset: ID,name
Where:     ;name LIKE M%;
Start:
Count:

Relation:

SELECT  ID,name FROM districts WHERE  province='1'  AND name LIKE 'M%'

Done in 0.0027689933776855s



====================================
Log started, 17/11/2011 10:11:40
====================================

Dyn loading request received, but server side was not configured to process dyn. loading. 

Source:districts
Fieldset: ID,name
Where:     ;name LIKE MA%;
Start:
Count:

Relation:

SELECT  ID,name FROM districts WHERE  province='1'  AND name LIKE 'MA%'

Done in 0.0026018619537354s



====================================
Log started, 17/11/2011 10:11:43
====================================

Dyn loading request received, but server side was not configured to process dyn. loading. 

Source:districts
Fieldset: ID,name
Where:     ;name LIKE H%;
Start:
Count:

Relation:

SELECT  ID,name FROM districts WHERE  province='1'  AND name LIKE 'H%'

Done in 0.0024309158325195s



====================================
Log started, 17/11/2011 10:11:43
====================================

Dyn loading request received, but server side was not configured to process dyn. loading. 

Source:districts
Fieldset: ID,name
Where:     ;name LIKE HA%;
Start:
Count:

Relation:

SELECT  ID,name FROM districts WHERE  province='1'  AND name LIKE 'HA%'

Done in 0.0023448467254639s



====================================
Log started, 17/11/2011 10:11:43
====================================

Dyn loading request received, but server side was not configured to process dyn. loading. 

Source:districts
Fieldset: ID,name
Where:     ;name LIKE HAR%;
Start:
Count:

Relation:

SELECT  ID,name FROM districts WHERE  province='1'  AND name LIKE 'HAR%'

Done in 0.0025558471679688s



====================================
Log started, 17/11/2011 10:11:44
====================================

Dyn loading request received, but server side was not configured to process dyn. loading. 

Source:districts
Fieldset: ID,name
Where:     ;name LIKE HARA%;
Start:
Count:

Relation:

SELECT  ID,name FROM districts WHERE  province='1'  AND name LIKE 'HARA%'

Done in 0.0024230480194092s



====================================
Log started, 28/11/2011 11:11:24
====================================

Dyn loading request received, but server side was not configured to process dyn. loading. 

Source:districts
Fieldset: ID,name
Where:     ;name LIKE r%;
Start:
Count:

Relation:

SELECT  ID,name FROM districts WHERE  province='3'  AND name LIKE 'r%'

Done in 0.0027871131896973s



====================================
Log started, 28/11/2011 11:11:24
====================================

Dyn loading request received, but server side was not configured to process dyn. loading. 

Source:districts
Fieldset: ID,name
Where:     ;name LIKE Ru%;
Start:
Count:

Relation:

SELECT  ID,name FROM districts WHERE  province='3'  AND name LIKE 'Ru%'

Done in 0.0021541118621826s



====================================
Log started, 30/11/2011 10:11:45
====================================

Dyn loading request received, but server side was not configured to process dyn. loading. 

Source:facilitys
Fieldset: ID,name
Where:     ;name LIKE h%;
Start:
Count:

Relation:

SELECT  ID,name FROM facilitys WHERE   flag=1 AND name LIKE 'h%'

Done in 0.011650085449219s



====================================
Log started, 30/11/2011 10:11:45
====================================

Dyn loading request received, but server side was not configured to process dyn. loading. 

Source:facilitys
Fieldset: ID,name
Where:     ;name LIKE Ha%;
Start:
Count:

Relation:

SELECT  ID,name FROM facilitys WHERE   flag=1 AND name LIKE 'Ha%'

Done in 0.0037112236022949s



====================================
Log started, 30/11/2011 10:11:46
====================================

Dyn loading request received, but server side was not configured to process dyn. loading. 

Source:facilitys
Fieldset: ID,name
Where:     ;name LIKE HAr%;
Start:
Count:

Relation:

SELECT  ID,name FROM facilitys WHERE   flag=1 AND name LIKE 'HAr%'

Done in 0.0035309791564941s



====================================
Log started, 30/11/2011 10:11:46
====================================

Dyn loading request received, but server side was not configured to process dyn. loading. 

Source:facilitys
Fieldset: ID,name
Where:     ;name LIKE HARa%;
Start:
Count:

Relation:

SELECT  ID,name FROM facilitys WHERE   flag=1 AND name LIKE 'HARa%'

Done in 0.0035030841827393s



====================================
Log started, 30/11/2011 10:11:46
====================================

Dyn loading request received, but server side was not configured to process dyn. loading. 

Source:facilitys
Fieldset: ID,name
Where:     ;name LIKE HARAr%;
Start:
Count:

Relation:

SELECT  ID,name FROM facilitys WHERE   flag=1 AND name LIKE 'HARAr%'

Done in 0.0034708976745605s



====================================
Log started, 30/11/2011 10:11:46
====================================

Dyn loading request received, but server side was not configured to process dyn. loading. 

Source:facilitys
Fieldset: ID,name
Where:     ;name LIKE HARARe%;
Start:
Count:

Relation:

SELECT  ID,name FROM facilitys WHERE   flag=1 AND name LIKE 'HARARe%'

Done in 0.0038011074066162s



====================================
Log started, 30/11/2011 10:11:55
====================================

Dyn loading request received, but server side was not configured to process dyn. loading. 

Source:facilitys
Fieldset: ID,name
Where:     ;name LIKE h%;
Start:
Count:

Relation:

SELECT  ID,name FROM facilitys WHERE   flag=1 AND name LIKE 'h%'

Done in 0.0046529769897461s



====================================
Log started, 30/11/2011 10:11:55
====================================

Dyn loading request received, but server side was not configured to process dyn. loading. 

Source:facilitys
Fieldset: ID,name
Where:     ;name LIKE Ha%;
Start:
Count:

Relation:

SELECT  ID,name FROM facilitys WHERE   flag=1 AND name LIKE 'Ha%'

Done in 0.0035469532012939s



====================================
Log started, 30/11/2011 10:11:55
====================================

Dyn loading request received, but server side was not configured to process dyn. loading. 

Source:facilitys
Fieldset: ID,name
Where:     ;name LIKE HAr%;
Start:
Count:

Relation:

SELECT  ID,name FROM facilitys WHERE   flag=1 AND name LIKE 'HAr%'

Done in 0.0031399726867676s



====================================
Log started, 30/11/2011 10:11:55
====================================

Dyn loading request received, but server side was not configured to process dyn. loading. 

Source:facilitys
Fieldset: ID,name
Where:     ;name LIKE HARa%;
Start:
Count:

Relation:

SELECT  ID,name FROM facilitys WHERE   flag=1 AND name LIKE 'HARa%'

Done in 0.0035121440887451s



====================================
Log started, 30/11/2011 10:11:56
====================================

Dyn loading request received, but server side was not configured to process dyn. loading. 

Source:facilitys
Fieldset: ID,name
Where:     ;name LIKE HARAr%;
Start:
Count:

Relation:

SELECT  ID,name FROM facilitys WHERE   flag=1 AND name LIKE 'HARAr%'

Done in 0.0034821033477783s



====================================
Log started, 30/11/2011 10:11:56
====================================

Dyn loading request received, but server side was not configured to process dyn. loading. 

Source:facilitys
Fieldset: ID,name
Where:     ;name LIKE HARARe%;
Start:
Count:

Relation:

SELECT  ID,name FROM facilitys WHERE   flag=1 AND name LIKE 'HARARe%'

Done in 0.0035231113433838s



====================================
Log started, 30/11/2011 10:11:18
====================================

Dyn loading request received, but server side was not configured to process dyn. loading. 

Source:facilitys
Fieldset: ID,name
Where:     ;name LIKE h%;
Start:
Count:

Relation:

SELECT  ID,name FROM facilitys WHERE   flag=1 AND name LIKE 'h%'

Done in 0.004518985748291s



====================================
Log started, 30/11/2011 10:11:19
====================================

Dyn loading request received, but server side was not configured to process dyn. loading. 

Source:facilitys
Fieldset: ID,name
Where:     ;name LIKE Ha%;
Start:
Count:

Relation:

SELECT  ID,name FROM facilitys WHERE   flag=1 AND name LIKE 'Ha%'

Done in 0.0035538673400879s



====================================
Log started, 30/11/2011 10:11:19
====================================

Dyn loading request received, but server side was not configured to process dyn. loading. 

Source:facilitys
Fieldset: ID,name
Where:     ;name LIKE HAh%;
Start:
Count:

Relation:

SELECT  ID,name FROM facilitys WHERE   flag=1 AND name LIKE 'HAh%'

Done in 0.0035219192504883s



====================================
Log started, 30/11/2011 10:11:19
====================================

Dyn loading request received, but server side was not configured to process dyn. loading. 

Source:facilitys
Fieldset: ID,name
Where:     ;name LIKE HAha%;
Start:
Count:

Relation:

SELECT  ID,name FROM facilitys WHERE   flag=1 AND name LIKE 'HAha%'

Done in 0.0033628940582275s



====================================
Log started, 30/11/2011 10:11:20
====================================

Dyn loading request received, but server side was not configured to process dyn. loading. 

Source:facilitys
Fieldset: ID,name
Where:     ;name LIKE HA%;
Start:
Count:

Relation:

SELECT  ID,name FROM facilitys WHERE   flag=1 AND name LIKE 'HA%'

Done in 0.0037300586700439s



====================================
Log started, 30/11/2011 10:11:21
====================================

Dyn loading request received, but server side was not configured to process dyn. loading. 

Source:facilitys
Fieldset: ID,name
Where:     ;name LIKE HAr%;
Start:
Count:

Relation:

SELECT  ID,name FROM facilitys WHERE   flag=1 AND name LIKE 'HAr%'

Done in 0.0034389495849609s



====================================
Log started, 30/11/2011 10:11:21
====================================

Dyn loading request received, but server side was not configured to process dyn. loading. 

Source:facilitys
Fieldset: ID,name
Where:     ;name LIKE HARa%;
Start:
Count:

Relation:

SELECT  ID,name FROM facilitys WHERE   flag=1 AND name LIKE 'HARa%'

Done in 0.0035810470581055s



====================================
Log started, 30/11/2011 10:11:40
====================================

Dyn loading request received, but server side was not configured to process dyn. loading. 

Source:facilitys
Fieldset: ID,name
Where:     ;name LIKE h%;
Start:
Count:

Relation:

SELECT  ID,name FROM facilitys WHERE   flag=1 AND name LIKE 'h%'

Done in 0.0045340061187744s



====================================
Log started, 30/11/2011 10:11:40
====================================

Dyn loading request received, but server side was not configured to process dyn. loading. 

Source:facilitys
Fieldset: ID,name
Where:     ;name LIKE Ha%;
Start:
Count:

Relation:

SELECT  ID,name FROM facilitys WHERE   flag=1 AND name LIKE 'Ha%'

Done in 0.0036661624908447s



====================================
Log started, 30/11/2011 10:11:11
====================================

Dyn loading request received, but server side was not configured to process dyn. loading. 

Source:facilitys
Fieldset: ID,name
Where:     ;name LIKE h%;
Start:
Count:

Relation:

SELECT  ID,name FROM facilitys WHERE   flag=1 AND name LIKE 'h%'

Done in 0.0049831867218018s



====================================
Log started, 30/11/2011 10:11:11
====================================

Dyn loading request received, but server side was not configured to process dyn. loading. 

Source:facilitys
Fieldset: ID,name
Where:     ;name LIKE Ha%;
Start:
Count:

Relation:

SELECT  ID,name FROM facilitys WHERE   flag=1 AND name LIKE 'Ha%'

Done in 0.0035698413848877s



====================================
Log started, 30/11/2011 10:11:11
====================================

Dyn loading request received, but server side was not configured to process dyn. loading. 

Source:facilitys
Fieldset: ID,name
Where:     ;name LIKE HAr%;
Start:
Count:

Relation:

SELECT  ID,name FROM facilitys WHERE   flag=1 AND name LIKE 'HAr%'

Done in 0.00357985496521s



====================================
Log started, 30/11/2011 10:11:11
====================================

Dyn loading request received, but server side was not configured to process dyn. loading. 

Source:facilitys
Fieldset: ID,name
Where:     ;name LIKE HARa%;
Start:
Count:

Relation:

SELECT  ID,name FROM facilitys WHERE   flag=1 AND name LIKE 'HARa%'

Done in 0.0033528804779053s



====================================
Log started, 30/11/2011 10:11:11
====================================

Dyn loading request received, but server side was not configured to process dyn. loading. 

Source:facilitys
Fieldset: ID,name
Where:     ;name LIKE HARAr%;
Start:
Count:

Relation:

SELECT  ID,name FROM facilitys WHERE   flag=1 AND name LIKE 'HARAr%'

Done in 0.0037541389465332s



====================================
Log started, 30/11/2011 10:11:11
====================================

Dyn loading request received, but server side was not configured to process dyn. loading. 

Source:facilitys
Fieldset: ID,name
Where:     ;name LIKE HARARe%;
Start:
Count:

Relation:

SELECT  ID,name FROM facilitys WHERE   flag=1 AND name LIKE 'HARARe%'

Done in 0.0032260417938232s



====================================
Log started, 01/12/2011 10:12:51
====================================

Dyn loading request received, but server side was not configured to process dyn. loading. 

Source:facilitys
Fieldset: ID,name
Where:     ;name LIKE H%;
Start:
Count:

Relation:

SELECT  ID,name FROM facilitys WHERE   flag=1 AND name LIKE 'H%'

Done in 0.0046000480651855s



====================================
Log started, 01/12/2011 10:12:51
====================================

Dyn loading request received, but server side was not configured to process dyn. loading. 

Source:facilitys
Fieldset: ID,name
Where:     ;name LIKE HA%;
Start:
Count:

Relation:

SELECT  ID,name FROM facilitys WHERE   flag=1 AND name LIKE 'HA%'

Done in 0.003870964050293s



====================================
Log started, 01/12/2011 10:12:51
====================================

Dyn loading request received, but server side was not configured to process dyn. loading. 

Source:facilitys
Fieldset: ID,name
Where:     ;name LIKE HAR%;
Start:
Count:

Relation:

SELECT  ID,name FROM facilitys WHERE   flag=1 AND name LIKE 'HAR%'

Done in 0.0039417743682861s



====================================
Log started, 01/12/2011 10:12:25
====================================

Dyn loading request received, but server side was not configured to process dyn. loading. 

Source:facilitys
Fieldset: ID,name
Where:     ;name LIKE s%;
Start:
Count:

Relation:

SELECT  ID,name FROM facilitys WHERE   flag=1 AND name LIKE 's%'

Done in 0.0062329769134521s



====================================
Log started, 01/12/2011 10:12:26
====================================

Dyn loading request received, but server side was not configured to process dyn. loading. 

Source:facilitys
Fieldset: ID,name
Where:     ;name LIKE Sh%;
Start:
Count:

Relation:

SELECT  ID,name FROM facilitys WHERE   flag=1 AND name LIKE 'Sh%'

Done in 0.0039269924163818s



====================================
Log started, 16/12/2011 10:12:25
====================================

Dyn loading request received, but server side was not configured to process dyn. loading. 

Source:facilitys
Fieldset: ID,name
Where:     ;name LIKE h%;
Start:
Count:

Relation:

SELECT  ID,name FROM facilitys WHERE   flag=1 AND name LIKE 'h%'

Done in 0.0051600933074951s



====================================
Log started, 16/12/2011 10:12:26
====================================

Dyn loading request received, but server side was not configured to process dyn. loading. 

Source:facilitys
Fieldset: ID,name
Where:     ;name LIKE Hi%;
Start:
Count:

Relation:

SELECT  ID,name FROM facilitys WHERE   flag=1 AND name LIKE 'Hi%'

Done in 0.003497838973999s



====================================
Log started, 16/12/2011 10:12:27
====================================

Dyn loading request received, but server side was not configured to process dyn. loading. 

Source:facilitys
Fieldset: ID,name
Where:     ;name LIKE HIp%;
Start:
Count:

Relation:

SELECT  ID,name FROM facilitys WHERE   flag=1 AND name LIKE 'HIp%'

Done in 0.0035560131072998s



====================================
Log started, 16/12/2011 10:12:54
====================================

Dyn loading request received, but server side was not configured to process dyn. loading. 

Source:facilitys
Fieldset: ID,name
Where:     ;name LIKE h%;
Start:
Count:

Relation:

SELECT  ID,name FROM facilitys WHERE   flag=1 AND name LIKE 'h%'

Done in 0.004749059677124s



====================================
Log started, 16/12/2011 10:12:54
====================================

Dyn loading request received, but server side was not configured to process dyn. loading. 

Source:facilitys
Fieldset: ID,name
Where:     ;name LIKE Hi%;
Start:
Count:

Relation:

SELECT  ID,name FROM facilitys WHERE   flag=1 AND name LIKE 'Hi%'

Done in 0.0035600662231445s



====================================
Log started, 08/09/2012 12:09:35
====================================

Dyn loading request received, but server side was not configured to process dyn. loading. 

Source:districts
Fieldset: ID,name
Where:     ;name LIKE H%;
Start:
Count:

Relation:

SELECT  ID,name FROM districts WHERE  province='1'  AND name LIKE 'H%'

Done in 0.012148141860962s



====================================
Log started, 08/09/2012 12:09:40
====================================

Dyn loading request received, but server side was not configured to process dyn. loading. 

Source:facilitys
Fieldset: ID,name
Where:     ;name LIKE M%;
Start:
Count:

Relation:

SELECT  ID,name FROM facilitys WHERE  district BETWEEN 5 AND 9  AND name LIKE 'M%'

Done in 0.0057401657104492s



====================================
Log started, 08/09/2012 12:09:40
====================================

Dyn loading request received, but server side was not configured to process dyn. loading. 

Source:facilitys
Fieldset: ID,name
Where:     ;name LIKE MA%;
Start:
Count:

Relation:

SELECT  ID,name FROM facilitys WHERE  district BETWEEN 5 AND 9  AND name LIKE 'MA%'

Done in 0.0043458938598633s



====================================
Log started, 08/09/2012 12:09:41
====================================

Dyn loading request received, but server side was not configured to process dyn. loading. 

Source:facilitys
Fieldset: ID,name
Where:     ;name LIKE MAB%;
Start:
Count:

Relation:

SELECT  ID,name FROM facilitys WHERE  district BETWEEN 5 AND 9  AND name LIKE 'MAB%'

Done in 0.0037209987640381s



====================================
Log started, 08/09/2012 12:09:42
====================================

Dyn loading request received, but server side was not configured to process dyn. loading. 

Source:facilitys
Fieldset: ID,name
Where:     ;name LIKE MABV%;
Start:
Count:

Relation:

SELECT  ID,name FROM facilitys WHERE  district BETWEEN 5 AND 9  AND name LIKE 'MABV%'

Done in 0.0037229061126709s



====================================
Log started, 08/09/2012 12:09:42
====================================

Dyn loading request received, but server side was not configured to process dyn. loading. 

Source:facilitys
Fieldset: ID,name
Where:     ;name LIKE MABVU%;
Start:
Count:

Relation:

SELECT  ID,name FROM facilitys WHERE  district BETWEEN 5 AND 9  AND name LIKE 'MABVU%'

Done in 0.0037739276885986s



====================================
Log started, 08/09/2012 12:09:51
====================================

Dyn loading request received, but server side was not configured to process dyn. loading. 

Source:facilitys
Fieldset: ID,name
Where:     ;name LIKE MABVUK%;
Start:
Count:

Relation:

SELECT  ID,name FROM facilitys WHERE  district BETWEEN 5 AND 9  AND name LIKE 'MABVUK%'

Done in 0.0040781497955322s



====================================
Log started, 08/09/2012 12:09:52
====================================

Dyn loading request received, but server side was not configured to process dyn. loading. 

Source:facilitys
Fieldset: ID,name
Where:     ;name LIKE MABVUKU%;
Start:
Count:

Relation:

SELECT  ID,name FROM facilitys WHERE  district BETWEEN 5 AND 9  AND name LIKE 'MABVUKU%'

Done in 0.0039370059967041s



====================================
Log started, 08/09/2012 12:09:52
====================================

Dyn loading request received, but server side was not configured to process dyn. loading. 

Source:facilitys
Fieldset: ID,name
Where:     ;name LIKE MABVUKU %;
Start:
Count:

Relation:

SELECT  ID,name FROM facilitys WHERE  district BETWEEN 5 AND 9  AND name LIKE 'MABVUKU %'

Done in 0.003593921661377s



====================================
Log started, 08/09/2012 12:09:53
====================================

Dyn loading request received, but server side was not configured to process dyn. loading. 

Source:facilitys
Fieldset: ID,name
Where:     ;name LIKE MABVUKU P%;
Start:
Count:

Relation:

SELECT  ID,name FROM facilitys WHERE  district BETWEEN 5 AND 9  AND name LIKE 'MABVUKU P%'

Done in 0.0036587715148926s



====================================
Log started, 08/09/2012 12:09:54
====================================

Dyn loading request received, but server side was not configured to process dyn. loading. 

Source:facilitys
Fieldset: ID,name
Where:     ;name LIKE MABVUKU PO%;
Start:
Count:

Relation:

SELECT  ID,name FROM facilitys WHERE  district BETWEEN 5 AND 9  AND name LIKE 'MABVUKU PO%'

Done in 0.0039100646972656s



====================================
Log started, 08/09/2012 12:09:54
====================================

Dyn loading request received, but server side was not configured to process dyn. loading. 

Source:facilitys
Fieldset: ID,name
Where:     ;name LIKE MABVUKU POL%;
Start:
Count:

Relation:

SELECT  ID,name FROM facilitys WHERE  district BETWEEN 5 AND 9  AND name LIKE 'MABVUKU POL%'

Done in 0.0039839744567871s



====================================
Log started, 08/09/2012 12:09:54
====================================

Dyn loading request received, but server side was not configured to process dyn. loading. 

Source:facilitys
Fieldset: ID,name
Where:     ;name LIKE MABVUKU POLY%;
Start:
Count:

Relation:

SELECT  ID,name FROM facilitys WHERE  district BETWEEN 5 AND 9  AND name LIKE 'MABVUKU POLY%'

Done in 0.0038089752197266s



====================================
Log started, 08/09/2012 12:09:55
====================================

Dyn loading request received, but server side was not configured to process dyn. loading. 

Source:facilitys
Fieldset: ID,name
Where:     ;name LIKE MABVUKU POLYC%;
Start:
Count:

Relation:

SELECT  ID,name FROM facilitys WHERE  district BETWEEN 5 AND 9  AND name LIKE 'MABVUKU POLYC%'

Done in 0.0040018558502197s



====================================
Log started, 08/09/2012 12:09:56
====================================

Dyn loading request received, but server side was not configured to process dyn. loading. 

Source:facilitys
Fieldset: ID,name
Where:     ;name LIKE MABVUKU POLYCL%;
Start:
Count:

Relation:

SELECT  ID,name FROM facilitys WHERE  district BETWEEN 5 AND 9  AND name LIKE 'MABVUKU POLYCL%'

Done in 0.0038371086120605s



====================================
Log started, 08/09/2012 12:09:56
====================================

Dyn loading request received, but server side was not configured to process dyn. loading. 

Source:facilitys
Fieldset: ID,name
Where:     ;name LIKE MABVUKU POLYCLI%;
Start:
Count:

Relation:

SELECT  ID,name FROM facilitys WHERE  district BETWEEN 5 AND 9  AND name LIKE 'MABVUKU POLYCLI%'

Done in 0.0036571025848389s



====================================
Log started, 08/09/2012 12:09:56
====================================

Dyn loading request received, but server side was not configured to process dyn. loading. 

Source:facilitys
Fieldset: ID,name
Where:     ;name LIKE MABVUKU POLYCLIN%;
Start:
Count:

Relation:

SELECT  ID,name FROM facilitys WHERE  district BETWEEN 5 AND 9  AND name LIKE 'MABVUKU POLYCLIN%'

Done in 0.0040748119354248s



====================================
Log started, 08/09/2012 12:09:56
====================================

Dyn loading request received, but server side was not configured to process dyn. loading. 

Source:facilitys
Fieldset: ID,name
Where:     ;name LIKE MABVUKU POLYCLINI%;
Start:
Count:

Relation:

SELECT  ID,name FROM facilitys WHERE  district BETWEEN 5 AND 9  AND name LIKE 'MABVUKU POLYCLINI%'

Done in 0.003899097442627s



====================================
Log started, 08/09/2012 12:09:57
====================================

Dyn loading request received, but server side was not configured to process dyn. loading. 

Source:facilitys
Fieldset: ID,name
Where:     ;name LIKE MABVUKU POLYCLINIC%;
Start:
Count:

Relation:

SELECT  ID,name FROM facilitys WHERE  district BETWEEN 5 AND 9  AND name LIKE 'MABVUKU POLYCLINIC%'

Done in 0.0040240287780762s



====================================
Log started, 08/09/2012 12:09:16
====================================

Dyn loading request received, but server side was not configured to process dyn. loading. 

Source:districts
Fieldset: ID,name
Where:     ;name LIKE N%;
Start:
Count:

Relation:

SELECT  ID,name FROM districts WHERE  province='1'  AND name LIKE 'N%'

Done in 0.0030629634857178s



====================================
Log started, 08/09/2012 12:09:16
====================================

Dyn loading request received, but server side was not configured to process dyn. loading. 

Source:districts
Fieldset: ID,name
Where:     ;name LIKE NY%;
Start:
Count:

Relation:

SELECT  ID,name FROM districts WHERE  province='1'  AND name LIKE 'NY%'

Done in 0.0023000240325928s



====================================
Log started, 08/09/2012 12:09:26
====================================

Dyn loading request received, but server side was not configured to process dyn. loading. 

Source:districts
Fieldset: ID,name
Where:     ;name LIKE H%;
Start:
Count:

Relation:

SELECT  ID,name FROM districts WHERE  province='1'  AND name LIKE 'H%'

Done in 0.0025629997253418s



====================================
Log started, 08/09/2012 12:09:29
====================================

Dyn loading request received, but server side was not configured to process dyn. loading. 

Source:districts
Fieldset: ID,name
Where:     ;name LIKE M%;
Start:
Count:

Relation:

SELECT  ID,name FROM districts WHERE  province='1'  AND name LIKE 'M%'

Done in 0.0027980804443359s



====================================
Log started, 08/09/2012 12:09:31
====================================

Dyn loading request received, but server side was not configured to process dyn. loading. 

Source:districts
Fieldset: ID,name
Where:     ;name LIKE E%;
Start:
Count:

Relation:

SELECT  ID,name FROM districts WHERE  province='1'  AND name LIKE 'E%'

Done in 0.002795934677124s



====================================
Log started, 08/09/2012 12:09:32
====================================

Dyn loading request received, but server side was not configured to process dyn. loading. 

Source:districts
Fieldset: ID,name
Where:     ;name LIKE R%;
Start:
Count:

Relation:

SELECT  ID,name FROM districts WHERE  province='1'  AND name LIKE 'R%'

Done in 0.0026071071624756s



====================================
Log started, 08/09/2012 12:09:33
====================================

Dyn loading request received, but server side was not configured to process dyn. loading. 

Source:districts
Fieldset: ID,name
Where:     ;name LIKE T%;
Start:
Count:

Relation:

SELECT  ID,name FROM districts WHERE  province='1'  AND name LIKE 'T%'

Done in 0.0025179386138916s



====================================
Log started, 08/09/2012 12:09:36
====================================

Dyn loading request received, but server side was not configured to process dyn. loading. 

Source:districts
Fieldset: ID,name
Where:     ;name LIKE N%;
Start:
Count:

Relation:

SELECT  ID,name FROM districts WHERE  province='1'  AND name LIKE 'N%'

Done in 0.0025660991668701s



====================================
Log started, 08/09/2012 12:09:38
====================================

Dyn loading request received, but server side was not configured to process dyn. loading. 

Source:districts
Fieldset: ID,name
Where:     ;name LIKE C%;
Start:
Count:

Relation:

SELECT  ID,name FROM districts WHERE  province='1'  AND name LIKE 'C%'

Done in 0.0022010803222656s



====================================
Log started, 08/09/2012 12:09:44
====================================

Dyn loading request received, but server side was not configured to process dyn. loading. 

Source:facilitys
Fieldset: ID,name
Where:     ;name LIKE C%;
Start:
Count:

Relation:

SELECT  ID,name FROM facilitys WHERE  district BETWEEN 5 AND 9  AND name LIKE 'C%'

Done in 0.0046319961547852s



====================================
Log started, 08/09/2012 12:09:46
====================================

Dyn loading request received, but server side was not configured to process dyn. loading. 

Source:facilitys
Fieldset: ID,name
Where:     ;name LIKE CH%;
Start:
Count:

Relation:

SELECT  ID,name FROM facilitys WHERE  district BETWEEN 5 AND 9  AND name LIKE 'CH%'

Done in 0.0045371055603027s



====================================
Log started, 08/09/2012 12:09:47
====================================

Dyn loading request received, but server side was not configured to process dyn. loading. 

Source:facilitys
Fieldset: ID,name
Where:     ;name LIKE CHI%;
Start:
Count:

Relation:

SELECT  ID,name FROM facilitys WHERE  district BETWEEN 5 AND 9  AND name LIKE 'CHI%'

Done in 0.0039451122283936s



====================================
Log started, 08/09/2012 12:09:48
====================================

Dyn loading request received, but server side was not configured to process dyn. loading. 

Source:facilitys
Fieldset: ID,name
Where:     ;name LIKE CHIT%;
Start:
Count:

Relation:

SELECT  ID,name FROM facilitys WHERE  district BETWEEN 5 AND 9  AND name LIKE 'CHIT%'

Done in 0.0038309097290039s



====================================
Log started, 08/09/2012 12:09:48
====================================

Dyn loading request received, but server side was not configured to process dyn. loading. 

Source:facilitys
Fieldset: ID,name
Where:     ;name LIKE CHITU%;
Start:
Count:

Relation:

SELECT  ID,name FROM facilitys WHERE  district BETWEEN 5 AND 9  AND name LIKE 'CHITU%'

Done in 0.00388503074646s



====================================
Log started, 08/09/2012 12:09:00
====================================

Dyn loading request received, but server side was not configured to process dyn. loading. 

Source:facilitys
Fieldset: ID,name
Where:     ;name LIKE W%;
Start:
Count:

Relation:

SELECT  ID,name FROM facilitys WHERE  district BETWEEN 5 AND 9  AND name LIKE 'W%'

Done in 0.0041351318359375s



====================================
Log started, 08/09/2012 12:09:01
====================================

Dyn loading request received, but server side was not configured to process dyn. loading. 

Source:facilitys
Fieldset: ID,name
Where:     ;name LIKE E%;
Start:
Count:

Relation:

SELECT  ID,name FROM facilitys WHERE  district BETWEEN 5 AND 9  AND name LIKE 'E%'

Done in 0.0040569305419922s



====================================
Log started, 08/09/2012 12:09:08
====================================

Dyn loading request received, but server side was not configured to process dyn. loading. 

Source:districts
Fieldset: ID,name
Where:     ;name LIKE CHITUNGWIZA%;
Start:
Count:

Relation:

SELECT  ID,name FROM districts WHERE  province='1'  AND name LIKE 'CHITUNGWIZA%'

Done in 0.002626895904541s



====================================
Log started, 08/09/2012 12:09:09
====================================

Dyn loading request received, but server side was not configured to process dyn. loading. 

Source:districts
Fieldset: ID,name
Where:     ;name LIKE CHITUNGWIZAB%;
Start:
Count:

Relation:

SELECT  ID,name FROM districts WHERE  province='1'  AND name LIKE 'CHITUNGWIZAB%'

Done in 0.0026118755340576s



====================================
Log started, 08/09/2012 12:09:11
====================================

Dyn loading request received, but server side was not configured to process dyn. loading. 

Source:districts
Fieldset: ID,name
Where:     ;name LIKE CHITUNGWIZ%;
Start:
Count:

Relation:

SELECT  ID,name FROM districts WHERE  province='1'  AND name LIKE 'CHITUNGWIZ%'

Done in 0.0026829242706299s



====================================
Log started, 08/09/2012 12:09:11
====================================

Dyn loading request received, but server side was not configured to process dyn. loading. 

Source:districts
Fieldset: ID,name
Where:     ;name LIKE CHITUNGWI%;
Start:
Count:

Relation:

SELECT  ID,name FROM districts WHERE  province='1'  AND name LIKE 'CHITUNGWI%'

Done in 0.0026159286499023s



====================================
Log started, 08/09/2012 12:09:11
====================================

Dyn loading request received, but server side was not configured to process dyn. loading. 

Source:districts
Fieldset: ID,name
Where:     ;name LIKE CHITUNG%;
Start:
Count:

Relation:

SELECT  ID,name FROM districts WHERE  province='1'  AND name LIKE 'CHITUNG%'

Done in 0.0026371479034424s



====================================
Log started, 08/09/2012 12:09:11
====================================

Dyn loading request received, but server side was not configured to process dyn. loading. 

Source:districts
Fieldset: ID,name
Where:     ;name LIKE CHITUN%;
Start:
Count:

Relation:

SELECT  ID,name FROM districts WHERE  province='1'  AND name LIKE 'CHITUN%'

Done in 0.002453088760376s



====================================
Log started, 08/09/2012 12:09:11
====================================

Dyn loading request received, but server side was not configured to process dyn. loading. 

Source:districts
Fieldset: ID,name
Where:     ;name LIKE CHITU%;
Start:
Count:

Relation:

SELECT  ID,name FROM districts WHERE  province='1'  AND name LIKE 'CHITU%'

Done in 0.0025451183319092s



====================================
Log started, 08/09/2012 12:09:11
====================================

Dyn loading request received, but server side was not configured to process dyn. loading. 

Source:districts
Fieldset: ID,name
Where:     ;name LIKE CHIT%;
Start:
Count:

Relation:

SELECT  ID,name FROM districts WHERE  province='1'  AND name LIKE 'CHIT%'

Done in 0.0027000904083252s



====================================
Log started, 08/09/2012 12:09:11
====================================

Dyn loading request received, but server side was not configured to process dyn. loading. 

Source:districts
Fieldset: ID,name
Where:     ;name LIKE CHI%;
Start:
Count:

Relation:

SELECT  ID,name FROM districts WHERE  province='1'  AND name LIKE 'CHI%'

Done in 0.0025122165679932s



====================================
Log started, 08/09/2012 12:09:11
====================================

Dyn loading request received, but server side was not configured to process dyn. loading. 

Source:districts
Fieldset: ID,name
Where:     ;name LIKE CH%;
Start:
Count:

Relation:

SELECT  ID,name FROM districts WHERE  province='1'  AND name LIKE 'CH%'

Done in 0.002208948135376s



====================================
Log started, 08/09/2012 12:09:12
====================================

Dyn loading request received, but server side was not configured to process dyn. loading. 

Source:districts
Fieldset: ID,name
Where:     ;name LIKE B%;
Start:
Count:

Relation:

SELECT  ID,name FROM districts WHERE  province='1'  AND name LIKE 'B%'

Done in 0.0028171539306641s



====================================
Log started, 08/09/2012 12:09:55
====================================

Dyn loading request received, but server side was not configured to process dyn. loading. 

Source:facilitys
Fieldset: ID,name
Where:     ;name LIKE H%;
Start:
Count:

Relation:

SELECT  ID,name FROM facilitys WHERE  district BETWEEN 5 AND 9  AND name LIKE 'H%'

Done in 0.0042531490325928s



====================================
Log started, 23/10/2012 10:10:19
====================================

Dyn loading request received, but server side was not configured to process dyn. loading. 

Source:facilitys
Fieldset: ID,name
Where:     ;name LIKE h%;
Start:
Count:

Relation:

SELECT  ID,name FROM facilitys WHERE   flag=1 AND name LIKE 'h%'

Done in 0.0042710304260254s



====================================
Log started, 23/10/2012 10:10:20
====================================

Dyn loading request received, but server side was not configured to process dyn. loading. 

Source:facilitys
Fieldset: ID,name
Where:     ;name LIKE h%;
Start:
Count:

Relation:

SELECT  ID,name FROM facilitys WHERE   flag=1 AND name LIKE 'h%'

Done in 0.0058829784393311s



====================================
Log started, 30/10/2012 12:10:18
====================================

Dyn loading request received, but server side was not configured to process dyn. loading. 

Source:districts
Fieldset: ID,name
Where:     ;name LIKE h%;
Start:
Count:

Relation:

SELECT  ID,name FROM districts WHERE  province='1'  AND name LIKE 'h%'

Done in 0.010159969329834s



====================================
Log started, 30/10/2012 12:10:28
====================================

Dyn loading request received, but server side was not configured to process dyn. loading. 

Source:districts
Fieldset: ID,name
Where:     ;name LIKE h%;
Start:
Count:

Relation:

SELECT  ID,name FROM districts WHERE  province='1'  AND name LIKE 'h%'

Done in 0.0032808780670166s

